********************************************************************************
PACKAGE-LOG: 2016-08-25 01:56:56
NOTICE: Do NOT post to public sites or forums 
********************************************************************************
VERSION:	1.1.16
WORDPRESS:	4.6
PHP INFO:	5.4.45 | SAPI: cgi-fcgi
SERVER:		Apache/2.4.23 
PHP TIME LIMIT: (0) no time limit imposed 
PHP MAX MEMORY: 2048M (128M default) 
MEMORY STACK: 66.25MB 

********************************************************************************
DATABASE:
********************************************************************************
BUILD MODE:   PHP(query limit - 100)
MYSQLTIMEOUT: 5000
MYSQLDUMP:    Is Supported 
TABLES: total:36 | filtered:0 | create:36 
FILTERED: [] 
SQL CREATED: 20160825_drricardo_57be5044734881485160825015620_database.sql 
SQL FILE SIZE: 3.09MB (3243092) 
SQL FILE TIME: 2016-08-25 01:56:56 
SQL RUNTIME: 0.22 sec. 

******************************************************************************** 
ARCHIVE (ZIP): 
******************************************************************************** 
ARCHIVE DIR:  /home/sarutech2016/public_html/sites/ricardoriet.com.br 
ARCHIVE FILE: 20160825_drricardo_57be5044734881485160825015620_archive.zip 
FILTERS: *OFF* 
DIRS:  not set 
EXTS:  not set 
---------------------------------------- 
COMPRESSING 
SIZE:	163.29MB 
STATS:	Dirs 1,196 | Files 7,915 
SQL ADDED: 20160825_drricardo_57be5044734881485160825015620_database.sql 
ZipArchive Object
(
    [status] => 0
    [statusSys] => 0
    [numFiles] => 9111
    [filename] => /home/sarutech2016/public_html/sites/ricardoriet.com.br/wp-snapshots/tmp/20160825_drricardo_57be5044734881485160825015620_archive.zip
    [comment] => 
)
 
